This is pdfTeX, Version 3.141592653-2.6-1.40.23 (TeX Live 2021/W32TeX) (preloaded format=pdflatex 2022.4.22)  9 MAY 2022 11:27
entering extended mode
 restricted \write18 enabled.
 %&-line parsing enabled.
**PW_FP.tex
(./PW_FP.tex
LaTeX2e <2021-11-15> patch level 1
L3 programming layer <2022-02-24> (c:/Users/18159/AppData/Roaming/TinyTeX/texmf
-dist/tex/latex/base/article.cls
Document Class: article 2021/10/04 v1.4n Standard LaTeX document class
(c:/Users/18159/AppData/Roaming/TinyTeX/texmf-dist/tex/latex/base/size12.clo
File: size12.clo 2021/10/04 v1.4n Standard LaTeX file (size option)
)
\c@part=\count185
\c@section=\count186
\c@subsection=\count187
\c@subsubsection=\count188
\c@paragraph=\count189
\c@subparagraph=\count190
\c@figure=\count191
\c@table=\count192
\abovecaptionskip=\skip47
\belowcaptionskip=\skip48
\bibindent=\dimen138
) (c:/Users/18159/AppData/Roaming/TinyTeX/texmf-dist/tex/latex/lm/lmodern.sty
Package: lmodern 2015/05/01 v1.6.1 Latin Modern Fonts
LaTeX Font Info:    Overwriting symbol font `operators' in version `normal'
(Font)                  OT1/cmr/m/n --> OT1/lmr/m/n on input line 22.
LaTeX Font Info:    Overwriting symbol font `letters' in version `normal'
(Font)                  OML/cmm/m/it --> OML/lmm/m/it on input line 23.
LaTeX Font Info:    Overwriting symbol font `symbols' in version `normal'
(Font)                  OMS/cmsy/m/n --> OMS/lmsy/m/n on input line 24.
LaTeX Font Info:    Overwriting symbol font `largesymbols' in version `normal'
(Font)                  OMX/cmex/m/n --> OMX/lmex/m/n on input line 25.
LaTeX Font Info:    Overwriting symbol font `operators' in version `bold'
(Font)                  OT1/cmr/bx/n --> OT1/lmr/bx/n on input line 26.
LaTeX Font Info:    Overwriting symbol font `letters' in version `bold'
(Font)                  OML/cmm/b/it --> OML/lmm/b/it on input line 27.
LaTeX Font Info:    Overwriting symbol font `symbols' in version `bold'
(Font)                  OMS/cmsy/b/n --> OMS/lmsy/b/n on input line 28.
LaTeX Font Info:    Overwriting symbol font `largesymbols' in version `bold'
(Font)                  OMX/cmex/m/n --> OMX/lmex/m/n on input line 29.
LaTeX Font Info:    Overwriting math alphabet `\mathbf' in version `normal'
(Font)                  OT1/cmr/bx/n --> OT1/lmr/bx/n on input line 31.
LaTeX Font Info:    Overwriting math alphabet `\mathsf' in version `normal'
(Font)                  OT1/cmss/m/n --> OT1/lmss/m/n on input line 32.
LaTeX Font Info:    Overwriting math alphabet `\mathit' in version `normal'
(Font)                  OT1/cmr/m/it --> OT1/lmr/m/it on input line 33.
LaTeX Font Info:    Overwriting math alphabet `\mathtt' in version `normal'
(Font)                  OT1/cmtt/m/n --> OT1/lmtt/m/n on input line 34.
LaTeX Font Info:    Overwriting math alphabet `\mathbf' in version `bold'
(Font)                  OT1/cmr/bx/n --> OT1/lmr/bx/n on input line 35.
LaTeX Font Info:    Overwriting math alphabet `\mathsf' in version `bold'
(Font)                  OT1/cmss/bx/n --> OT1/lmss/bx/n on input line 36.
LaTeX Font Info:    Overwriting math alphabet `\mathit' in version `bold'
(Font)                  OT1/cmr/bx/it --> OT1/lmr/bx/it on input line 37.
LaTeX Font Info:    Overwriting math alphabet `\mathtt' in version `bold'
(Font)                  OT1/cmtt/m/n --> OT1/lmtt/m/n on input line 38.
)
(c:/Users/18159/AppData/Roaming/TinyTeX/texmf-dist/tex/latex/amsfonts/amssymb.s
ty
Package: amssymb 2013/01/14 v3.01 AMS font symbols

(c:/Users/18159/AppData/Roaming/TinyTeX/texmf-dist/tex/latex/amsfonts/amsfonts.
sty
Package: amsfonts 2013/01/14 v3.01 Basic AMSFonts support
\@emptytoks=\toks16
\symAMSa=\mathgroup4
\symAMSb=\mathgroup5
LaTeX Font Info:    Redeclaring math symbol \hbar on input line 98.
LaTeX Font Info:    Overwriting math alphabet `\mathfrak' in version `bold'
(Font)                  U/euf/m/n --> U/euf/b/n on input line 106.
))
(c:/Users/18159/AppData/Roaming/TinyTeX/texmf-dist/tex/latex/amsmath/amsmath.st
y
Package: amsmath 2021/10/15 v2.17l AMS math features
\@mathmargin=\skip49
For additional information on amsmath, use the `?' option.

(c:/Users/18159/AppData/Roaming/TinyTeX/texmf-dist/tex/latex/amsmath/amstext.st
y
Package: amstext 2021/08/26 v2.01 AMS text

(c:/Users/18159/AppData/Roaming/TinyTeX/texmf-dist/tex/latex/amsmath/amsgen.sty
File: amsgen.sty 1999/11/30 v2.0 generic functions
\@emptytoks=\toks17
\ex@=\dimen139
))
(c:/Users/18159/AppData/Roaming/TinyTeX/texmf-dist/tex/latex/amsmath/amsbsy.sty
Package: amsbsy 1999/11/29 v1.2d Bold Symbols
\pmbraise@=\dimen140
)
(c:/Users/18159/AppData/Roaming/TinyTeX/texmf-dist/tex/latex/amsmath/amsopn.sty
Package: amsopn 2021/08/26 v2.02 operator names
)
\inf@bad=\count193
LaTeX Info: Redefining \frac on input line 234.
\uproot@=\count194
\leftroot@=\count195
LaTeX Info: Redefining \overline on input line 399.
\classnum@=\count196
\DOTSCASE@=\count197
LaTeX Info: Redefining \ldots on input line 496.
LaTeX Info: Redefining \dots on input line 499.
LaTeX Info: Redefining \cdots on input line 620.
\Mathstrutbox@=\box50
\strutbox@=\box51
\big@size=\dimen141
LaTeX Font Info:    Redeclaring font encoding OML on input line 743.
LaTeX Font Info:    Redeclaring font encoding OMS on input line 744.
\macc@depth=\count198
\c@MaxMatrixCols=\count199
\dotsspace@=\muskip16
\c@parentequation=\count266
\dspbrk@lvl=\count267
\tag@help=\toks18
\row@=\count268
\column@=\count269
\maxfields@=\count270
\andhelp@=\toks19
\eqnshift@=\dimen142
\alignsep@=\dimen143
\tagshift@=\dimen144
\tagwidth@=\dimen145
\totwidth@=\dimen146
\lineht@=\dimen147
\@envbody=\toks20
\multlinegap=\skip50
\multlinetaggap=\skip51
\mathdisplay@stack=\toks21
LaTeX Info: Redefining \[ on input line 2938.
LaTeX Info: Redefining \] on input line 2939.
)
(c:/Users/18159/AppData/Roaming/TinyTeX/texmf-dist/tex/generic/iftex/ifxetex.st
y
Package: ifxetex 2019/10/25 v0.7 ifxetex legacy package. Use iftex instead.
(c:/Users/18159/AppData/Roaming/TinyTeX/texmf-dist/tex/generic/iftex/iftex.sty
Package: iftex 2022/02/03 v1.0f TeX engine tests
))
(c:/Users/18159/AppData/Roaming/TinyTeX/texmf-dist/tex/generic/iftex/ifluatex.s
ty
Package: ifluatex 2019/10/25 v1.5 ifluatex legacy package. Use iftex instead.
) (c:/Users/18159/AppData/Roaming/TinyTeX/texmf-dist/tex/latex/base/fontenc.sty
Package: fontenc 2021/04/29 v2.0v Standard LaTeX package
LaTeX Font Info:    Trying to load font information for T1+lmr on input line 11
2.
(c:/Users/18159/AppData/Roaming/TinyTeX/texmf-dist/tex/latex/lm/t1lmr.fd
File: t1lmr.fd 2015/05/01 v1.6.1 Font defs for Latin Modern
)) (c:/Users/18159/AppData/Roaming/TinyTeX/texmf-dist/tex/latex/base/inputenc.s
ty
Package: inputenc 2021/02/14 v1.3d Input encoding file
\inpenc@prehook=\toks22
\inpenc@posthook=\toks23
) (c:/Users/18159/AppData/Roaming/TinyTeX/texmf-dist/tex/latex/base/textcomp.st
y
Package: textcomp 2020/02/02 v2.0n Standard LaTeX package
)
(c:/Users/18159/AppData/Roaming/TinyTeX/texmf-dist/tex/latex/upquote/upquote.st
y
Package: upquote 2012/04/19 v1.3 upright-quote and grave-accent glyphs in verba
tim
) (c:/Users/18159/AppData/Roaming/TinyTeX/texmf-dist/tex/latex/xcolor/xcolor.st
y
Package: xcolor 2021/10/31 v2.13 LaTeX color extensions (UK)

(c:/Users/18159/AppData/Roaming/TinyTeX/texmf-dist/tex/latex/graphics-cfg/color
.cfg
File: color.cfg 2016/01/02 v1.6 sample color configuration
)
Package xcolor Info: Driver file: pdftex.def on input line 227.

(c:/Users/18159/AppData/Roaming/TinyTeX/texmf-dist/tex/latex/graphics-def/pdfte
x.def
File: pdftex.def 2020/10/05 v1.2a Graphics/color driver for pdftex
)
Package xcolor Info: Model `cmy' substituted by `cmy0' on input line 1352.
Package xcolor Info: Model `hsb' substituted by `rgb' on input line 1356.
Package xcolor Info: Model `RGB' extended on input line 1368.
Package xcolor Info: Model `HTML' substituted by `rgb' on input line 1370.
Package xcolor Info: Model `Hsb' substituted by `hsb' on input line 1371.
Package xcolor Info: Model `tHsb' substituted by `hsb' on input line 1372.
Package xcolor Info: Model `HSB' substituted by `hsb' on input line 1373.
Package xcolor Info: Model `Gray' substituted by `gray' on input line 1374.
Package xcolor Info: Model `wave' substituted by `hsb' on input line 1375.
)
(c:/Users/18159/AppData/Roaming/TinyTeX/texmf-dist/tex/latex/hyperref/hyperref.
sty
Package: hyperref 2022-02-21 v7.00n Hypertext links for LaTeX

(c:/Users/18159/AppData/Roaming/TinyTeX/texmf-dist/tex/generic/ltxcmds/ltxcmds.
sty
Package: ltxcmds 2020-05-10 v1.25 LaTeX kernel commands for general use (HO)
)
(c:/Users/18159/AppData/Roaming/TinyTeX/texmf-dist/tex/generic/pdftexcmds/pdfte
xcmds.sty
Package: pdftexcmds 2020-06-27 v0.33 Utility functions of pdfTeX for LuaTeX (HO
)

(c:/Users/18159/AppData/Roaming/TinyTeX/texmf-dist/tex/generic/infwarerr/infwar
err.sty
Package: infwarerr 2019/12/03 v1.5 Providing info/warning/error messages (HO)
)
Package pdftexcmds Info: \pdf@primitive is available.
Package pdftexcmds Info: \pdf@ifprimitive is available.
Package pdftexcmds Info: \pdfdraftmode found.
)
(c:/Users/18159/AppData/Roaming/TinyTeX/texmf-dist/tex/latex/graphics/keyval.st
y
Package: keyval 2014/10/28 v1.15 key=value parser (DPC)
\KV@toks@=\toks24
)
(c:/Users/18159/AppData/Roaming/TinyTeX/texmf-dist/tex/generic/kvsetkeys/kvsetk
eys.sty
Package: kvsetkeys 2019/12/15 v1.18 Key value parser (HO)
)
(c:/Users/18159/AppData/Roaming/TinyTeX/texmf-dist/tex/generic/kvdefinekeys/kvd
efinekeys.sty
Package: kvdefinekeys 2019-12-19 v1.6 Define keys (HO)
)
(c:/Users/18159/AppData/Roaming/TinyTeX/texmf-dist/tex/generic/pdfescape/pdfesc
ape.sty
Package: pdfescape 2019/12/09 v1.15 Implements pdfTeX's escape features (HO)
)
(c:/Users/18159/AppData/Roaming/TinyTeX/texmf-dist/tex/latex/hycolor/hycolor.st
y
Package: hycolor 2020-01-27 v1.10 Color options for hyperref/bookmark (HO)
)
(c:/Users/18159/AppData/Roaming/TinyTeX/texmf-dist/tex/latex/letltxmacro/letltx
macro.sty
Package: letltxmacro 2019/12/03 v1.6 Let assignment for LaTeX macros (HO)
)
(c:/Users/18159/AppData/Roaming/TinyTeX/texmf-dist/tex/latex/auxhook/auxhook.st
y
Package: auxhook 2019-12-17 v1.6 Hooks for auxiliary files (HO)
)
(c:/Users/18159/AppData/Roaming/TinyTeX/texmf-dist/tex/latex/kvoptions/kvoption
s.sty
Package: kvoptions 2020-10-07 v3.14 Key value format for package options (HO)
)
\@linkdim=\dimen148
\Hy@linkcounter=\count271
\Hy@pagecounter=\count272

(c:/Users/18159/AppData/Roaming/TinyTeX/texmf-dist/tex/latex/hyperref/pd1enc.de
f
File: pd1enc.def 2022-02-21 v7.00n Hyperref: PDFDocEncoding definition (HO)
Now handling font encoding PD1 ...
... no UTF-8 mapping file for font encoding PD1
)
(c:/Users/18159/AppData/Roaming/TinyTeX/texmf-dist/tex/generic/intcalc/intcalc.
sty
Package: intcalc 2019/12/15 v1.3 Expandable calculations with integers (HO)
)
(c:/Users/18159/AppData/Roaming/TinyTeX/texmf-dist/tex/generic/etexcmds/etexcmd
s.sty
Package: etexcmds 2019/12/15 v1.7 Avoid name clashes with e-TeX commands (HO)
)
\Hy@SavedSpaceFactor=\count273

(c:/Users/18159/AppData/Roaming/TinyTeX/texmf-dist/tex/latex/hyperref/puenc.def
File: puenc.def 2022-02-21 v7.00n Hyperref: PDF Unicode definition (HO)
Now handling font encoding PU ...
... no UTF-8 mapping file for font encoding PU
)
Package hyperref Info: Option `unicode' set `true' on input line 4018.
Package hyperref Info: Hyper figures OFF on input line 4137.
Package hyperref Info: Link nesting OFF on input line 4142.
Package hyperref Info: Hyper index ON on input line 4145.
Package hyperref Info: Plain pages OFF on input line 4152.
Package hyperref Info: Backreferencing OFF on input line 4157.
Package hyperref Info: Implicit mode ON; LaTeX internals redefined.
Package hyperref Info: Bookmarks ON on input line 4390.
\c@Hy@tempcnt=\count274
(c:/Users/18159/AppData/Roaming/TinyTeX/texmf-dist/tex/latex/url/url.sty
\Urlmuskip=\muskip17
Package: url 2013/09/16  ver 3.4  Verb mode for urls, etc.
)
LaTeX Info: Redefining \url on input line 4749.
\XeTeXLinkMargin=\dimen149

(c:/Users/18159/AppData/Roaming/TinyTeX/texmf-dist/tex/generic/bitset/bitset.st
y
Package: bitset 2019/12/09 v1.3 Handle bit-vector datatype (HO)

(c:/Users/18159/AppData/Roaming/TinyTeX/texmf-dist/tex/generic/bigintcalc/bigin
tcalc.sty
Package: bigintcalc 2019/12/15 v1.5 Expandable calculations on big integers (HO
)
))
\Fld@menulength=\count275
\Field@Width=\dimen150
\Fld@charsize=\dimen151
Package hyperref Info: Hyper figures OFF on input line 6027.
Package hyperref Info: Link nesting OFF on input line 6032.
Package hyperref Info: Hyper index ON on input line 6035.
Package hyperref Info: backreferencing OFF on input line 6042.
Package hyperref Info: Link coloring OFF on input line 6047.
Package hyperref Info: Link coloring with OCG OFF on input line 6052.
Package hyperref Info: PDF/A mode OFF on input line 6057.
LaTeX Info: Redefining \ref on input line 6097.
LaTeX Info: Redefining \pageref on input line 6101.

(c:/Users/18159/AppData/Roaming/TinyTeX/texmf-dist/tex/latex/base/atbegshi-ltx.
sty
Package: atbegshi-ltx 2021/01/10 v1.0c Emulation of the original atbegshi
package with kernel methods
)
\Hy@abspage=\count276
\c@Item=\count277
\c@Hfootnote=\count278
)
Package hyperref Info: Driver (autodetected): hpdftex.

(c:/Users/18159/AppData/Roaming/TinyTeX/texmf-dist/tex/latex/hyperref/hpdftex.d
ef
File: hpdftex.def 2022-02-21 v7.00n Hyperref driver for pdfTeX

(c:/Users/18159/AppData/Roaming/TinyTeX/texmf-dist/tex/latex/base/atveryend-ltx
.sty
Package: atveryend-ltx 2020/08/19 v1.0a Emulation of the original atveryend pac
kage
with kernel methods
)
\Fld@listcount=\count279
\c@bookmark@seq@number=\count280

(c:/Users/18159/AppData/Roaming/TinyTeX/texmf-dist/tex/latex/rerunfilecheck/rer
unfilecheck.sty
Package: rerunfilecheck 2019/12/05 v1.9 Rerun checks for auxiliary files (HO)

(c:/Users/18159/AppData/Roaming/TinyTeX/texmf-dist/tex/generic/uniquecounter/un
iquecounter.sty
Package: uniquecounter 2019/12/15 v1.4 Provide unlimited unique counter (HO)
)
Package uniquecounter Info: New unique counter `rerunfilecheck' on input line 2
86.
)
\Hy@SectionHShift=\skip52
)
(c:/Users/18159/AppData/Roaming/TinyTeX/texmf-dist/tex/latex/geometry/geometry.
sty
Package: geometry 2020/01/02 v5.9 Page Geometry

(c:/Users/18159/AppData/Roaming/TinyTeX/texmf-dist/tex/generic/iftex/ifvtex.sty
Package: ifvtex 2019/10/25 v1.7 ifvtex legacy package. Use iftex instead.
)
\Gm@cnth=\count281
\Gm@cntv=\count282
\c@Gm@tempcnt=\count283
\Gm@bindingoffset=\dimen152
\Gm@wd@mp=\dimen153
\Gm@odd@mp=\dimen154
\Gm@even@mp=\dimen155
\Gm@layoutwidth=\dimen156
\Gm@layoutheight=\dimen157
\Gm@layouthoffset=\dimen158
\Gm@layoutvoffset=\dimen159
\Gm@dimlist=\toks25
)
(c:/Users/18159/AppData/Roaming/TinyTeX/texmf-dist/tex/latex/fancyvrb/fancyvrb.
sty
Package: fancyvrb 2021/12/21 4.1b verbatim text (tvz,hv)
\FV@CodeLineNo=\count284
\FV@InFile=\read2
\FV@TabBox=\box52
\c@FancyVerbLine=\count285
\FV@StepNumber=\count286
\FV@OutFile=\write3
) (c:/Users/18159/AppData/Roaming/TinyTeX/texmf-dist/tex/latex/framed/framed.st
y
Package: framed 2011/10/22 v 0.96: framed or shaded text with page breaks
\OuterFrameSep=\skip53
\fb@frw=\dimen160
\fb@frh=\dimen161
\FrameRule=\dimen162
\FrameSep=\dimen163
)
(c:/Users/18159/AppData/Roaming/TinyTeX/texmf-dist/tex/latex/tools/longtable.st
y
Package: longtable 2021-09-01 v4.17 Multi-page Table package (DPC)
\LTleft=\skip54
\LTright=\skip55
\LTpre=\skip56
\LTpost=\skip57
\LTchunksize=\count287
\LTcapwidth=\dimen164
\LT@head=\box53
\LT@firsthead=\box54
\LT@foot=\box55
\LT@lastfoot=\box56
\LT@gbox=\box57
\LT@cols=\count288
\LT@rows=\count289
\c@LT@tables=\count290
\c@LT@chunks=\count291
\LT@p@ftn=\toks26
)
(c:/Users/18159/AppData/Roaming/TinyTeX/texmf-dist/tex/latex/booktabs/booktabs.
sty
Package: booktabs 2020/01/12 v1.61803398 Publication quality tables
\heavyrulewidth=\dimen165
\lightrulewidth=\dimen166
\cmidrulewidth=\dimen167
\belowrulesep=\dimen168
\belowbottomsep=\dimen169
\aboverulesep=\dimen170
\abovetopsep=\dimen171
\cmidrulesep=\dimen172
\cmidrulekern=\dimen173
\defaultaddspace=\dimen174
\@cmidla=\count292
\@cmidlb=\count293
\@aboverulesep=\dimen175
\@belowrulesep=\dimen176
\@thisruleclass=\count294
\@lastruleclass=\count295
\@thisrulewidth=\dimen177
)
(c:/Users/18159/AppData/Roaming/TinyTeX/texmf-dist/tex/latex/etoolbox/etoolbox.
sty
Package: etoolbox 2020/10/05 v2.5k e-TeX tools for LaTeX (JAW)
\etb@tempcnta=\count296
)
(c:/Users/18159/AppData/Roaming/TinyTeX/texmf-dist/tex/latex/mdwtools/footnote.
sty
Package: footnote 1997/01/28 1.13 Save footnotes around boxes
\fn@notes=\box58
\fn@width=\dimen178
)
(c:/Users/18159/AppData/Roaming/TinyTeX/texmf-dist/tex/latex/graphics/graphicx.
sty
Package: graphicx 2021/09/16 v1.2d Enhanced LaTeX Graphics (DPC,SPQR)

(c:/Users/18159/AppData/Roaming/TinyTeX/texmf-dist/tex/latex/graphics/graphics.
sty
Package: graphics 2021/03/04 v1.4d Standard LaTeX Graphics (DPC,SPQR)
(c:/Users/18159/AppData/Roaming/TinyTeX/texmf-dist/tex/latex/graphics/trig.sty
Package: trig 2021/08/11 v1.11 sin cos tan (DPC)
)
(c:/Users/18159/AppData/Roaming/TinyTeX/texmf-dist/tex/latex/graphics-cfg/graph
ics.cfg
File: graphics.cfg 2016/06/04 v1.11 sample graphics configuration
)
Package graphics Info: Driver file: pdftex.def on input line 107.
)
\Gin@req@height=\dimen179
\Gin@req@width=\dimen180
)
(c:/Users/18159/AppData/Roaming/TinyTeX/texmf-dist/tex/latex/grffile/grffile.st
y
Package: grffile 2019/11/11 v2.1 Extended file name support for graphics (legac
y)
Package grffile Info: This package is an empty stub for compatibility on input 
line 40.
) (c:/Users/18159/AppData/Roaming/TinyTeX/texmf-dist/tex/generic/babel/babel.st
y
Package: babel 2022/02/26 3.73 The Babel package
\babel@savecnt=\count297
\U@D=\dimen181
\l@unhyphenated=\language5

(c:/Users/18159/AppData/Roaming/TinyTeX/texmf-dist/tex/generic/babel/txtbabel.d
ef)
\bbl@readstream=\read3
\bbl@dirlevel=\count298

(c:/Users/18159/AppData/Roaming/TinyTeX/texmf-dist/tex/generic/babel-english/en
glish.ldf
Language: english 2017/06/06 v3.3r English support from the babel system
Package babel Info: Hyphen rules for 'british' set to \l@english
(babel)             (\language0). Reported on input line 82.
Package babel Info: Hyphen rules for 'UKenglish' set to \l@english
(babel)             (\language0). Reported on input line 83.
Package babel Info: Hyphen rules for 'canadian' set to \l@english
(babel)             (\language0). Reported on input line 102.
Package babel Info: Hyphen rules for 'australian' set to \l@english
(babel)             (\language0). Reported on input line 105.
Package babel Info: Hyphen rules for 'newzealand' set to \l@english
(babel)             (\language0). Reported on input line 108.
))
(c:/Users/18159/AppData/Roaming/TinyTeX/texmf-dist/tex/latex/biblatex-chicago/b
iblatex-chicago.sty
Package: biblatex-chicago 2021/06/30 v 3.16 biblatex style

(c:/Users/18159/AppData/Roaming/TinyTeX/texmf-dist/tex/latex/hyperref/nameref.s
ty
Package: nameref 2021-04-02 v2.47 Cross-referencing by name of section

(c:/Users/18159/AppData/Roaming/TinyTeX/texmf-dist/tex/latex/refcount/refcount.
sty
Package: refcount 2019/12/15 v3.6 Data extraction from label references (HO)
)
(c:/Users/18159/AppData/Roaming/TinyTeX/texmf-dist/tex/generic/gettitlestring/g
ettitlestring.sty
Package: gettitlestring 2019/12/15 v1.6 Cleanup title references (HO)
)
\c@section@level=\count299
)
(c:/Users/18159/AppData/Roaming/TinyTeX/texmf-dist/tex/generic/xstring/xstring.
sty
(c:/Users/18159/AppData/Roaming/TinyTeX/texmf-dist/tex/generic/xstring/xstring.
tex
\integerpart=\count300
\decimalpart=\count301
)
Package: xstring 2021/07/21 v1.84 String manipulations (CT)
)
(c:/Users/18159/AppData/Roaming/TinyTeX/texmf-dist/tex/latex/biblatex/biblatex.
sty
Package: biblatex 2022/02/02 v3.17 programmable bibliographies (PK/MW)
(c:/Users/18159/AppData/Roaming/TinyTeX/texmf-dist/tex/latex/logreq/logreq.sty
Package: logreq 2010/08/04 v1.0 xml request logger
\lrq@indent=\count302
(c:/Users/18159/AppData/Roaming/TinyTeX/texmf-dist/tex/latex/logreq/logreq.def
File: logreq.def 2010/08/04 v1.0 logreq spec v1.0
)) (c:/Users/18159/AppData/Roaming/TinyTeX/texmf-dist/tex/latex/base/ifthen.sty
Package: ifthen 2020/11/24 v1.1c Standard LaTeX ifthen package (DPC)
)
\c@tabx@nest=\count303
\c@listtotal=\count304
\c@listcount=\count305
\c@liststart=\count306
\c@liststop=\count307
\c@citecount=\count308
\c@citetotal=\count309
\c@multicitecount=\count310
\c@multicitetotal=\count311
\c@instcount=\count312
\c@maxnames=\count313
\c@minnames=\count314
\c@maxitems=\count315
\c@minitems=\count316
\c@citecounter=\count317
\c@maxcitecounter=\count318
\c@savedcitecounter=\count319
\c@uniquelist=\count320
\c@uniquename=\count321
\c@refsection=\count322
\c@refsegment=\count323
\c@maxextratitle=\count324
\c@maxextratitleyear=\count325
\c@maxextraname=\count326
\c@maxextradate=\count327
\c@maxextraalpha=\count328
\c@abbrvpenalty=\count329
\c@highnamepenalty=\count330
\c@lownamepenalty=\count331
\c@maxparens=\count332
\c@parenlevel=\count333
\blx@tempcnta=\count334
\blx@tempcntb=\count335
\blx@tempcntc=\count336
\c@blx@maxsection=\count337
\c@blx@maxsegment@0=\count338
\blx@notetype=\count339
\blx@parenlevel@text=\count340
\blx@parenlevel@foot=\count341
\c@blx@sectionciteorder@0=\count342
\blx@entrysetcounter=\count343
\blx@biblioinstance=\count344
\labelnumberwidth=\skip58
\labelalphawidth=\skip59
\biblabelsep=\skip60
\bibitemsep=\skip61
\bibnamesep=\skip62
\bibinitsep=\skip63
\bibparsep=\skip64
\bibhang=\skip65
\blx@bcfin=\read4
\blx@bcfout=\write4
\blx@langwohyphens=\language6
\c@mincomprange=\count345
\c@maxcomprange=\count346
\c@mincompwidth=\count347
Package biblatex Info: Trying to load biblatex default data model...
Package biblatex Info: ... file 'blx-dm.def' found.

(c:/Users/18159/AppData/Roaming/TinyTeX/texmf-dist/tex/latex/biblatex/blx-dm.de
f
File: blx-dm.def 2022/02/02 v3.17 biblatex localization (PK/MW)
)
Package biblatex Info: Trying to load biblatex style data model...
Package biblatex Info: ... file 'chicago-authordate.dbx' not found.
Package biblatex Info: Trying to load biblatex custom data model...
Package biblatex Info: ... file 'biblatex-dm.cfg' not found.
\c@afterword=\count348
\c@savedafterword=\count349
\c@annotator=\count350
\c@savedannotator=\count351
\c@author=\count352
\c@savedauthor=\count353
\c@bookauthor=\count354
\c@savedbookauthor=\count355
\c@commentator=\count356
\c@savedcommentator=\count357
\c@editor=\count358
\c@savededitor=\count359
\c@editora=\count360
\c@savededitora=\count361
\c@editorb=\count362
\c@savededitorb=\count363
\c@editorc=\count364
\c@savededitorc=\count365
\c@foreword=\count366
\c@savedforeword=\count367
\c@holder=\count368
\c@savedholder=\count369
\c@introduction=\count370
\c@savedintroduction=\count371
\c@namea=\count372
\c@savednamea=\count373
\c@nameb=\count374
\c@savednameb=\count375
\c@namec=\count376
\c@savednamec=\count377
\c@translator=\count378
\c@savedtranslator=\count379
\c@shortauthor=\count380
\c@savedshortauthor=\count381
\c@shorteditor=\count382
\c@savedshorteditor=\count383
\c@labelname=\count384
\c@savedlabelname=\count385
\c@institution=\count386
\c@savedinstitution=\count387
\c@lista=\count388
\c@savedlista=\count389
\c@listb=\count390
\c@savedlistb=\count391
\c@listc=\count392
\c@savedlistc=\count393
\c@listd=\count394
\c@savedlistd=\count395
\c@liste=\count396
\c@savedliste=\count397
\c@listf=\count398
\c@savedlistf=\count399
\c@location=\count400
\c@savedlocation=\count401
\c@organization=\count402
\c@savedorganization=\count403
\c@origlocation=\count404
\c@savedoriglocation=\count405
\c@origpublisher=\count406
\c@savedorigpublisher=\count407
\c@publisher=\count408
\c@savedpublisher=\count409
\c@language=\count410
\c@savedlanguage=\count411
\c@origlanguage=\count412
\c@savedoriglanguage=\count413
\c@pageref=\count414
\c@savedpageref=\count415
\shorthandwidth=\skip66
\shortjournalwidth=\skip67
\shortserieswidth=\skip68
\shorttitlewidth=\skip69
\shortauthorwidth=\skip70
\shorteditorwidth=\skip71
\locallabelnumberwidth=\skip72
\locallabelalphawidth=\skip73
\localshorthandwidth=\skip74
\localshortjournalwidth=\skip75
\localshortserieswidth=\skip76
\localshorttitlewidth=\skip77
\localshortauthorwidth=\skip78
\localshorteditorwidth=\skip79
Package biblatex Info: Trying to load compatibility code...
Package biblatex Info: ... file 'blx-compat.def' found.

(c:/Users/18159/AppData/Roaming/TinyTeX/texmf-dist/tex/latex/biblatex/blx-compa
t.def
File: blx-compat.def 2022/02/02 v3.17 biblatex compatibility (PK/MW)
)
Package biblatex Info: Trying to load generic definitions...
Package biblatex Info: ... file 'biblatex.def' found.

(c:/Users/18159/AppData/Roaming/TinyTeX/texmf-dist/tex/latex/biblatex/biblatex.
def
File: biblatex.def 2022/02/02 v3.17 biblatex compatibility (PK/MW)
\c@textcitecount=\count416
\c@textcitetotal=\count417
\c@textcitemaxnames=\count418
\c@biburlbigbreakpenalty=\count419
\c@biburlbreakpenalty=\count420
\c@biburlnumpenalty=\count421
\c@biburlucpenalty=\count422
\c@biburllcpenalty=\count423
\biburlbigskip=\muskip18
\biburlnumskip=\muskip19
\biburlucskip=\muskip20
\biburllcskip=\muskip21
\c@smartand=\count424
)
Package biblatex Info: Trying to load natbib compatibility...
Package biblatex Info: ... file 'blx-natbib.def' found.

(c:/Users/18159/AppData/Roaming/TinyTeX/texmf-dist/tex/latex/biblatex/blx-natbi
b.def
File: blx-natbib.def 2022/02/02 v3.17 biblatex compatibility (PK/MW)
Package biblatex Info: Delimiter 'nameyeardelim' in context '' already defined,
 overwriting.
)
Package biblatex Info: Trying to load bibliography style 'chicago-authordate'..
.
Package biblatex Info: ... file 'chicago-authordate.bbx' found.

(c:/Users/18159/AppData/Roaming/TinyTeX/texmf-dist/tex/latex/biblatex-chicago/c
hicago-authordate.bbx
File: chicago-authordate.bbx 2021/06/30 v 3.16 biblatex bibliography style
\lositemsep=\skip80
\cms@tempcnta=\count425
\cms@tempcntb=\count426
\c@bbx:relatedcount=\count427
\c@bbx:relatedtotal=\count428
)
Package biblatex Info: Trying to load citation style 'chicago-authordate'...
Package biblatex Info: ... file 'chicago-authordate.cbx' found.

(c:/Users/18159/AppData/Roaming/TinyTeX/texmf-dist/tex/latex/biblatex-chicago/c
hicago-authordate.cbx
File: chicago-authordate.cbx 2021/03/27 v 3.16 biblatex citation style
Package biblatex Info: Trying to load citation style 'chicago-dates-common'...
Package biblatex Info: ... file 'chicago-dates-common.cbx' found.

(c:/Users/18159/AppData/Roaming/TinyTeX/texmf-dist/tex/latex/biblatex-chicago/c
hicago-dates-common.cbx
File: chicago-dates-common.cbx 2021/03/27 v 3.16 biblatex citation style
Package biblatex Info: Redefining '\cite'.
Package biblatex Info: Redefining '\parencite'.
Package biblatex Info: Redefining '\footcite'.
Package biblatex Info: Redefining '\footcitetext'.
Package biblatex Info: Redefining '\footfullcite'.
Package biblatex Info: Redefining '\fullcite'.
Package biblatex Info: Redefining '\textcite'.
Package biblatex Info: Redefining '\textcites'.
Package biblatex Info: Redefining '\cites'.
Package biblatex Info: Redefining '\parencites'.
Package biblatex Info: Redefining '\footcites'.
Package biblatex Info: Redefining '\footcitetexts'.
Package biblatex Info: Delimiter 'dateeradelim' in context '' already defined, 
overwriting.
))
Package biblatex Info: Trying to load configuration file...
Package biblatex Info: ... file 'biblatex.cfg' found.

(c:/Users/18159/AppData/Roaming/TinyTeX/texmf-dist/tex/latex/biblatex/biblatex.
cfg
File: biblatex.cfg 
)
Package biblatex Info: Input encoding 'utf8' detected.
Package biblatex Info: Document encoding is UTF8 ....

(c:/Users/18159/AppData/Roaming/TinyTeX/texmf-dist/tex/latex/l3kernel/expl3.sty
Package: expl3 2022-02-24 L3 programming layer (loader) 

(c:/Users/18159/AppData/Roaming/TinyTeX/texmf-dist/tex/latex/l3backend/l3backen
d-pdftex.def
File: l3backend-pdftex.def 2022-02-07 L3 backend support: PDF output (pdfTeX)
\l__color_backend_stack_int=\count429
\l__pdf_internal_box=\box59
))
Package biblatex Info: ... and expl3
(biblatex)             2022-02-24 L3 programming layer (loader) 
(biblatex)             is new enough (at least 2020/04/06),
(biblatex)             setting 'casechanger=expl3'.

(c:/Users/18159/AppData/Roaming/TinyTeX/texmf-dist/tex/latex/biblatex/blx-case-
expl3.sty
(c:/Users/18159/AppData/Roaming/TinyTeX/texmf-dist/tex/latex/l3packages/xparse/
xparse.sty
Package: xparse 2022-01-12 L3 Experimental document command parser
)
Package: blx-case-expl3 2022/02/02 v3.17 expl3 case changing code for biblatex
)))
(c:/Users/18159/AppData/Roaming/TinyTeX/texmf-dist/tex/latex/csquotes/csquotes.
sty
Package: csquotes 2021-02-22 v5.2l context-sensitive quotations (JAW)
\csq@reset=\count430
\csq@gtype=\count431
\csq@glevel=\count432
\csq@qlevel=\count433
\csq@maxlvl=\count434
\csq@tshold=\count435
\csq@ltx@everypar=\toks27

(c:/Users/18159/AppData/Roaming/TinyTeX/texmf-dist/tex/latex/csquotes/csquotes.
def
File: csquotes.def 2021-02-22 v5.2l csquotes generic definitions (JAW)
)
Package csquotes Info: Trying to load configuration file 'csquotes.cfg'...
Package csquotes Info: ... configuration file loaded successfully.

(c:/Users/18159/AppData/Roaming/TinyTeX/texmf-dist/tex/latex/csquotes/csquotes.
cfg
File: csquotes.cfg 
))
   defining Unicode char U+202F (decimal 8239)

(c:/Users/18159/AppData/Roaming/TinyTeX/texmf-dist/tex/latex/setspace/setspace.
sty
Package: setspace 2011/12/19 v6.7a set line spacing
)
Package csquotes Info: Checking for multilingual support...
Package csquotes Info: ... found 'babel' package.
Package csquotes Info: Adjusting default style.
Package csquotes Info: Redefining alias 'default' -> 'english'.
(./PW_FP.aux)
\openout1 = `PW_FP.aux'.

LaTeX Font Info:    Checking defaults for OML/cmm/m/it on input line 124.
LaTeX Font Info:    ... okay on input line 124.
LaTeX Font Info:    Checking defaults for OMS/cmsy/m/n on input line 124.
LaTeX Font Info:    ... okay on input line 124.
LaTeX Font Info:    Checking defaults for OT1/cmr/m/n on input line 124.
LaTeX Font Info:    ... okay on input line 124.
LaTeX Font Info:    Checking defaults for T1/cmr/m/n on input line 124.
LaTeX Font Info:    ... okay on input line 124.
LaTeX Font Info:    Checking defaults for TS1/cmr/m/n on input line 124.
LaTeX Font Info:    ... okay on input line 124.
LaTeX Font Info:    Checking defaults for OMX/cmex/m/n on input line 124.
LaTeX Font Info:    ... okay on input line 124.
LaTeX Font Info:    Checking defaults for U/cmr/m/n on input line 124.
LaTeX Font Info:    ... okay on input line 124.
LaTeX Font Info:    Checking defaults for PD1/pdf/m/n on input line 124.
LaTeX Font Info:    ... okay on input line 124.
LaTeX Font Info:    Checking defaults for PU/pdf/m/n on input line 124.
LaTeX Font Info:    ... okay on input line 124.

(c:/Users/18159/AppData/Roaming/TinyTeX/texmf-dist/tex/latex/epstopdf-pkg/epsto
pdf-base.sty
Package: epstopdf-base 2020-01-24 v2.11 Base part for package epstopdf
Package epstopdf-base Info: Redefining graphics rule for `.eps' on input line 4
85.

(c:/Users/18159/AppData/Roaming/TinyTeX/texmf-dist/tex/latex/latexconfig/epstop
df-sys.cfg
File: epstopdf-sys.cfg 2010/07/13 v1.3 Configuration of (r)epstopdf for TeX Liv
e
))
Package hyperref Info: Link coloring OFF on input line 124.
LaTeX Info: Redefining \ref on input line 124.
LaTeX Info: Redefining \pageref on input line 124.
LaTeX Info: Redefining \nameref on input line 124.
(./PW_FP.out) (./PW_FP.out)
\@outlinefile=\write5
\openout5 = `PW_FP.out'.

*geometry* driver: auto-detecting
*geometry* detected driver: pdftex
*geometry* verbose mode - [ preamble ] result:
* driver: pdftex
* paper: <default>
* layout: <same size as paper>
* layoutoffset:(h,v)=(0.0pt,0.0pt)
* modes: 
* h-part:(L,W,R)=(72.26999pt, 469.75502pt, 72.26999pt)
* v-part:(T,H,B)=(72.26999pt, 650.43001pt, 72.26999pt)
* \paperwidth=614.295pt
* \paperheight=794.96999pt
* \textwidth=469.75502pt
* \textheight=650.43001pt
* \oddsidemargin=0.0pt
* \evensidemargin=0.0pt
* \topmargin=-37.0pt
* \headheight=12.0pt
* \headsep=25.0pt
* \topskip=12.0pt
* \footskip=30.0pt
* \marginparwidth=44.0pt
* \marginparsep=10.0pt
* \columnsep=10.0pt
* \skip\footins=10.8pt plus 4.0pt minus 2.0pt
* \hoffset=0.0pt
* \voffset=0.0pt
* \mag=1000
* \@twocolumnfalse
* \@twosidefalse
* \@mparswitchfalse
* \@reversemarginfalse
* (1in=72.27pt=25.4mm, 1cm=28.453pt)

Package biblatex Info: Trying to load language 'english' -> 'cms-american'...
Package biblatex Info: ... file 'cms-american.lbx' found.

(c:/Users/18159/AppData/Roaming/TinyTeX/texmf-dist/tex/latex/biblatex-chicago/c
ms-american.lbx
File: cms-american.lbx 2021/06/30 v 3.16 biblatex localization
Package biblatex Info: Trying to load language 'american'...
Package biblatex Info: ... file 'american.lbx' found.

(c:/Users/18159/AppData/Roaming/TinyTeX/texmf-dist/tex/latex/biblatex/lbx/ameri
can.lbx
File: american.lbx 2022/02/02 v3.17 biblatex localization (PK/MW)
Package biblatex Info: Trying to load language 'english'...
Package biblatex Info: ... file 'english.lbx' found.

(c:/Users/18159/AppData/Roaming/TinyTeX/texmf-dist/tex/latex/biblatex/lbx/engli
sh.lbx
File: english.lbx 2022/02/02 v3.17 biblatex localization (PK/MW)
))
Package biblatex Info: Trying to load language 'english'...
Package biblatex Info: ... file 'english.lbx' found.

(c:/Users/18159/AppData/Roaming/TinyTeX/texmf-dist/tex/latex/biblatex/lbx/engli
sh.lbx
File: english.lbx 2022/02/02 v3.17 biblatex localization (PK/MW)
))
Package biblatex Info: Input encoding 'utf8' detected.
Package biblatex Info: Automatic encoding selection.
(biblatex)             Assuming data encoding 'utf8'.
\openout4 = `PW_FP.bcf'.

Package biblatex Info: Trying to load bibliographic data...
Package biblatex Info: ... file 'PW_FP.bbl' not found.
No file PW_FP.bbl.
Package biblatex Info: Reference section=0 on input line 124.
Package biblatex Info: Reference segment=0 on input line 124.
LaTeX Font Info:    Trying to load font information for OT1+lmr on input line 1
26.
(c:/Users/18159/AppData/Roaming/TinyTeX/texmf-dist/tex/latex/lm/ot1lmr.fd
File: ot1lmr.fd 2015/05/01 v1.6.1 Font defs for Latin Modern
)
LaTeX Font Info:    Trying to load font information for OML+lmm on input line 1
26.
(c:/Users/18159/AppData/Roaming/TinyTeX/texmf-dist/tex/latex/lm/omllmm.fd
File: omllmm.fd 2015/05/01 v1.6.1 Font defs for Latin Modern
)
LaTeX Font Info:    Trying to load font information for OMS+lmsy on input line 
126.
(c:/Users/18159/AppData/Roaming/TinyTeX/texmf-dist/tex/latex/lm/omslmsy.fd
File: omslmsy.fd 2015/05/01 v1.6.1 Font defs for Latin Modern
)
LaTeX Font Info:    Trying to load font information for OMX+lmex on input line 
126.
(c:/Users/18159/AppData/Roaming/TinyTeX/texmf-dist/tex/latex/lm/omxlmex.fd
File: omxlmex.fd 2015/05/01 v1.6.1 Font defs for Latin Modern
)
LaTeX Font Info:    External font `lmex10' loaded for size
(Font)              <14.4> on input line 126.
LaTeX Font Info:    External font `lmex10' loaded for size
(Font)              <10> on input line 126.
LaTeX Font Info:    External font `lmex10' loaded for size
(Font)              <7> on input line 126.
LaTeX Font Info:    Trying to load font information for U+msa on input line 126
.
(c:/Users/18159/AppData/Roaming/TinyTeX/texmf-dist/tex/latex/amsfonts/umsa.fd
File: umsa.fd 2013/01/14 v3.01 AMS symbols A
)
LaTeX Font Info:    Trying to load font information for U+msb on input line 126
.
(c:/Users/18159/AppData/Roaming/TinyTeX/texmf-dist/tex/latex/amsfonts/umsb.fd
File: umsb.fd 2013/01/14 v3.01 AMS symbols B
) (./PW_FP.toc)
\tf@toc=\write6
\openout6 = `PW_FP.toc'.

[1

{c:/Users/18159/AppData/Roaming/TinyTeX/texmf-var/fonts/map/pdftex/updmap/pdfte
x.map}] [2] [3] [4] [5] [6] [7] [8] [9]
LaTeX Font Info:    External font `lmex10' loaded for size
(Font)              <12> on input line 423.
LaTeX Font Info:    External font `lmex10' loaded for size
(Font)              <8> on input line 423.
LaTeX Font Info:    External font `lmex10' loaded for size
(Font)              <6> on input line 423.
[10] [11]

LaTeX Warning: Empty bibliography on input line 485.

<Gen7TierPlot.png, id=98, 715.92468pt x 459.96844pt>
File: Gen7TierPlot.png Graphic file (type png)
<use Gen7TierPlot.png>
Package pdftex.def Info: Gen7TierPlot.png  used on input line 491.
(pdftex.def)             Requested size: 469.75887pt x 301.81143pt.
LaTeX Font Info:    Trying to load font information for T1+lmtt on input line 4
96.
(c:/Users/18159/AppData/Roaming/TinyTeX/texmf-dist/tex/latex/lm/t1lmtt.fd
File: t1lmtt.fd 2015/05/01 v1.6.1 Font defs for Latin Modern
)
LaTeX Font Info:    Font shape `T1/lmtt/bx/n' in size <12> not available
(Font)              Font shape `T1/lmtt/b/n' tried instead on input line 497.

Overfull \hbox (3.53258pt too wide) in paragraph at lines 506--507
[]\T1/lmr/m/n/12 tier|  
 []


Overfull \hbox (29.26433pt too wide) in paragraph at lines 508--509
[]\T1/lmr/m/n/12 english_name|  
 []


Overfull \hbox (29.85172pt too wide) in paragraph at lines 510--511
[]\T1/lmr/m/n/12 primary_type|  
 []


Overfull \hbox (35.00586pt too wide) in paragraph at lines 512--513
[]\T1/lmr/m/n/12 secondary_type|  
 []


Overfull \hbox (1.63992pt too wide) in paragraph at lines 514--515
 []\T1/lmr/m/n/12 bst|
 []


Overfull \hbox (8.49655pt too wide) in paragraph at lines 518--519
 []\T1/lmr/m/n/12 attack|
 []


Overfull \hbox (8.7627pt too wide) in paragraph at lines 520--521
 []\T1/lmr/m/n/12 defense|
 []


Overfull \hbox (19.0701pt too wide) in paragraph at lines 522--523
 []\T1/lmr/m/n/12 sp_attack|
 []


Overfull \hbox (19.33624pt too wide) in paragraph at lines 524--525
 []\T1/lmr/m/n/12 sp_defense|
 []


Overfull \hbox (9.67397pt too wide) in paragraph at lines 526--527
 []\T1/lmr/m/n/12 speed|
 []


Overfull \hbox (3.85493pt too wide) in paragraph at lines 533--534
[]\T1/lmr/m/n/12 OU|  
 []


Overfull \hbox (8.31004pt too wide) in paragraph at lines 535--536
[]\T1/lmr/m/n/12 Azumarill|  
 []


Overfull \hbox (3.53288pt too wide) in paragraph at lines 541--542
 []\T1/lmr/m/n/12 420|
 []


Overfull \hbox (3.53288pt too wide) in paragraph at lines 543--544
 []\T1/lmr/m/n/12 100|
 []


Overfull \hbox (3.85493pt too wide) in paragraph at lines 558--559
[]\T1/lmr/m/n/12 OU|  
 []


Overfull \hbox (20.22563pt too wide) in paragraph at lines 560--561
[]\T1/lmr/m/n/12 Blacephalon|  
 []


Overfull \hbox (3.53288pt too wide) in paragraph at lines 566--567
 []\T1/lmr/m/n/12 570|
 []


Overfull \hbox (3.53288pt too wide) in paragraph at lines 581--582
[]\T1/lmr/m/n/12 102|  
 []


Overfull \hbox (3.85493pt too wide) in paragraph at lines 583--584
[]\T1/lmr/m/n/12 OU|  
 []


Overfull \hbox (8.70467pt too wide) in paragraph at lines 585--586
[]\T1/lmr/m/n/12 Celesteela|  
 []


Overfull \hbox (3.53288pt too wide) in paragraph at lines 591--592
 []\T1/lmr/m/n/12 570|
 []


Overfull \hbox (3.53288pt too wide) in paragraph at lines 606--607
[]\T1/lmr/m/n/12 105|  
 []


Overfull \hbox (3.85493pt too wide) in paragraph at lines 608--609
[]\T1/lmr/m/n/12 OU|  
 []


Overfull \hbox (1.19887pt too wide) in paragraph at lines 610--611
[]\T1/lmr/m/n/12 Chansey|  
 []


Overfull \hbox (3.53288pt too wide) in paragraph at lines 616--617
 []\T1/lmr/m/n/12 450|
 []


Overfull \hbox (3.53288pt too wide) in paragraph at lines 618--619
 []\T1/lmr/m/n/12 250|
 []


Overfull \hbox (3.53288pt too wide) in paragraph at lines 631--632
[]\T1/lmr/m/n/12 127|  
 []


Overfull \hbox (3.85493pt too wide) in paragraph at lines 633--634
[]\T1/lmr/m/n/12 OU|  
 []


Overfull \hbox (3.53288pt too wide) in paragraph at lines 641--642
 []\T1/lmr/m/n/12 483|
 []


Overfull \hbox (3.53288pt too wide) in paragraph at lines 656--657
[]\T1/lmr/m/n/12 241|  
 []


Overfull \hbox (3.85493pt too wide) in paragraph at lines 658--659
[]\T1/lmr/m/n/12 OU|  
 []


Overfull \hbox (3.90605pt too wide) in paragraph at lines 660--661
[]\T1/lmr/m/n/12 Excadrill|  
 []


Overfull \hbox (3.53288pt too wide) in paragraph at lines 666--667
 []\T1/lmr/m/n/12 508|
 []


Overfull \hbox (3.53288pt too wide) in paragraph at lines 668--669
 []\T1/lmr/m/n/12 110|
 []


Overfull \hbox (3.53288pt too wide) in paragraph at lines 681--682
[]\T1/lmr/m/n/12 252|  
 []


Overfull \hbox (3.85493pt too wide) in paragraph at lines 683--684
[]\T1/lmr/m/n/12 OU|  
 []


Overfull \hbox (12.71788pt too wide) in paragraph at lines 685--686
[]\T1/lmr/m/n/12 Ferrothorn|  
 []


Overfull \hbox (3.53288pt too wide) in paragraph at lines 691--692
 []\T1/lmr/m/n/12 489|
 []


Overfull \hbox (3.53288pt too wide) in paragraph at lines 706--707
[]\T1/lmr/m/n/12 279|  
 []


Overfull \hbox (3.85493pt too wide) in paragraph at lines 708--709
[]\T1/lmr/m/n/12 OU|  
 []


Overfull \hbox (11.00563pt too wide) in paragraph at lines 710--711
[]\T1/lmr/m/n/12 Garchomp|  
 []


Overfull \hbox (3.53288pt too wide) in paragraph at lines 716--717
 []\T1/lmr/m/n/12 600|
 []


Overfull \hbox (3.53288pt too wide) in paragraph at lines 718--719
 []\T1/lmr/m/n/12 108|
 []


Overfull \hbox (3.53288pt too wide) in paragraph at lines 731--732
[]\T1/lmr/m/n/12 295|  
 []


Overfull \hbox (3.85493pt too wide) in paragraph at lines 733--734
[]\T1/lmr/m/n/12 OU|  
 []


Overfull \hbox (3.53288pt too wide) in paragraph at lines 741--742
 []\T1/lmr/m/n/12 510|
 []


Overfull \hbox (3.53288pt too wide) in paragraph at lines 756--757
[]\T1/lmr/m/n/12 317|  
 []


Overfull \hbox (3.85493pt too wide) in paragraph at lines 758--759
[]\T1/lmr/m/n/12 OU|  
 []


Overfull \hbox (2.51927pt too wide) in paragraph at lines 760--761
[]\T1/lmr/m/n/12 Greninja|  
 []


Overfull \hbox (3.53288pt too wide) in paragraph at lines 766--767
 []\T1/lmr/m/n/12 530|
 []


Overfull \hbox (3.53288pt too wide) in paragraph at lines 781--782
[]\T1/lmr/m/n/12 339|  
 []


Overfull \hbox (3.85493pt too wide) in paragraph at lines 783--784
[]\T1/lmr/m/n/12 OU|  
 []


Overfull \hbox (7.65686pt too wide) in paragraph at lines 785--786
[]\T1/lmr/m/n/12 Hawlucha|  
 []


Overfull \hbox (3.53288pt too wide) in paragraph at lines 791--792
 []\T1/lmr/m/n/12 500|
 []


Overfull \hbox (3.53288pt too wide) in paragraph at lines 806--807
[]\T1/lmr/m/n/12 342|  
 []


Overfull \hbox (3.85493pt too wide) in paragraph at lines 808--809
[]\T1/lmr/m/n/12 OU|  
 []


Overfull \hbox (3.53288pt too wide) in paragraph at lines 816--817
 []\T1/lmr/m/n/12 600|
 []


Overfull \hbox (3.53288pt too wide) in paragraph at lines 831--832
[]\T1/lmr/m/n/12 376|  
 []


Overfull \hbox (3.85493pt too wide) in paragraph at lines 833--834
[]\T1/lmr/m/n/12 OU|  
 []


Overfull \hbox (3.53288pt too wide) in paragraph at lines 841--842
 []\T1/lmr/m/n/12 600|
 []


Overfull \hbox (3.53288pt too wide) in paragraph at lines 843--844
 []\T1/lmr/m/n/12 100|
 []


Overfull \hbox (3.53288pt too wide) in paragraph at lines 856--857
[]\T1/lmr/m/n/12 387|  
 []


Overfull \hbox (3.85493pt too wide) in paragraph at lines 858--859
[]\T1/lmr/m/n/12 OU|  
 []


Overfull \hbox (3.53288pt too wide) in paragraph at lines 866--867
 []\T1/lmr/m/n/12 570|
 []


Overfull \hbox (3.53288pt too wide) in paragraph at lines 881--882
[]\T1/lmr/m/n/12 389|  
 []


Overfull \hbox (3.85493pt too wide) in paragraph at lines 883--884
[]\T1/lmr/m/n/12 OU|  
 []


Overfull \hbox (3.53288pt too wide) in paragraph at lines 891--892
 []\T1/lmr/m/n/12 580|
 []


Overfull \hbox (3.53288pt too wide) in paragraph at lines 906--907
[]\T1/lmr/m/n/12 399|  
 []


Overfull \hbox (3.85493pt too wide) in paragraph at lines 908--909
[]\T1/lmr/m/n/12 OU|  
 []


Overfull \hbox (1.78302pt too wide) in paragraph at lines 910--911
[]\T1/lmr/m/n/12 Kommo- 
 []


Overfull \hbox (3.53288pt too wide) in paragraph at lines 916--917
 []\T1/lmr/m/n/12 600|
 []


Overfull \hbox (3.53288pt too wide) in paragraph at lines 931--932
[]\T1/lmr/m/n/12 451|  
 []


Overfull \hbox (3.85493pt too wide) in paragraph at lines 933--934
[]\T1/lmr/m/n/12 OU|  
 []


Overfull \hbox (8.31001pt too wide) in paragraph at lines 935--936
[]\T1/lmr/m/n/12 Magearna|  
 []


Overfull \hbox (3.53288pt too wide) in paragraph at lines 941--942
 []\T1/lmr/m/n/12 600|
 []


Overfull \hbox (3.53288pt too wide) in paragraph at lines 956--957
[]\T1/lmr/m/n/12 457|  
 []


Overfull \hbox (3.85493pt too wide) in paragraph at lines 958--959
[]\T1/lmr/m/n/12 OU|  
 []


Overfull \hbox (14.83765pt too wide) in paragraph at lines 960--961
[]\T1/lmr/m/n/12 Magnezone|  
 []


Overfull \hbox (3.53288pt too wide) in paragraph at lines 966--967
 []\T1/lmr/m/n/12 535|
 []


Overfull \hbox (3.53288pt too wide) in paragraph at lines 981--982
[]\T1/lmr/m/n/12 461|  
 []


Overfull \hbox (3.85493pt too wide) in paragraph at lines 983--984
[]\T1/lmr/m/n/12 OU|  
 []


Overfull \hbox (5.6998pt too wide) in paragraph at lines 985--986
[]\T1/lmr/m/n/12 Manaphy|  
 []


Overfull \hbox (3.53288pt too wide) in paragraph at lines 991--992
 []\T1/lmr/m/n/12 600|
 []


Overfull \hbox (3.53288pt too wide) in paragraph at lines 993--994
 []\T1/lmr/m/n/12 100|
 []


Overfull \hbox (3.53288pt too wide) in paragraph at lines 1006--1007
[]\T1/lmr/m/n/12 563|  
 []


Overfull \hbox (3.85493pt too wide) in paragraph at lines 1008--1009
[]\T1/lmr/m/n/12 OU|  
 []


Overfull \hbox (3.53288pt too wide) in paragraph at lines 1016--1017
 []\T1/lmr/m/n/12 440|
 []


Overfull \hbox (3.53288pt too wide) in paragraph at lines 1031--1032
[]\T1/lmr/m/n/12 674|  
 []


Overfull \hbox (3.85493pt too wide) in paragraph at lines 1033--1034
[]\T1/lmr/m/n/12 OU|  
 []


Overfull \hbox (4.39708pt too wide) in paragraph at lines 1035--1036
[]\T1/lmr/m/n/12 Serperior|  
 []


Overfull \hbox (3.53288pt too wide) in paragraph at lines 1041--1042
 []\T1/lmr/m/n/12 528|
 []


Overfull \hbox (3.53288pt too wide) in paragraph at lines 1056--1057
[]\T1/lmr/m/n/12 702|  
 []


Overfull \hbox (3.85493pt too wide) in paragraph at lines 1058--1059
[]\T1/lmr/m/n/12 OU|  
 []


Overfull \hbox (7.33542pt too wide) in paragraph at lines 1060--1061
[]\T1/lmr/m/n/12 Skarmory|  
 []


Overfull \hbox (3.53288pt too wide) in paragraph at lines 1066--1067
 []\T1/lmr/m/n/12 465|
 []


Overfull \hbox (3.53288pt too wide) in paragraph at lines 1081--1082
[]\T1/lmr/m/n/12 773|  
 []


Overfull \hbox (3.85493pt too wide) in paragraph at lines 1083--1084
[]\T1/lmr/m/n/12 OU|  
 []


Overfull \hbox (13.20976pt too wide) in paragraph at lines 1085--1086
[]\T1/lmr/m/n/12 Tangrowth|  
 []


Overfull \hbox (3.53288pt too wide) in paragraph at lines 1091--1092
 []\T1/lmr/m/n/12 535|
 []


Overfull \hbox (3.53288pt too wide) in paragraph at lines 1093--1094
 []\T1/lmr/m/n/12 100|
 []


Overfull \hbox (3.53288pt too wide) in paragraph at lines 1106--1107
[]\T1/lmr/m/n/12 774|  
 []


Overfull \hbox (3.85493pt too wide) in paragraph at lines 1108--1109
[]\T1/lmr/m/n/12 OU|  
 []


Overfull \hbox (3.53288pt too wide) in paragraph at lines 1116--1117
 []\T1/lmr/m/n/12 570|
 []


Overfull \hbox (3.53288pt too wide) in paragraph at lines 1131--1132
[]\T1/lmr/m/n/12 775|  
 []


Overfull \hbox (3.85493pt too wide) in paragraph at lines 1133--1134
[]\T1/lmr/m/n/12 OU|  
 []


Overfull \hbox (3.53288pt too wide) in paragraph at lines 1141--1142
 []\T1/lmr/m/n/12 570|
 []


Overfull \hbox (3.53288pt too wide) in paragraph at lines 1156--1157
[]\T1/lmr/m/n/12 776|  
 []


Overfull \hbox (3.85493pt too wide) in paragraph at lines 1158--1159
[]\T1/lmr/m/n/12 OU|  
 []


Overfull \hbox (3.53288pt too wide) in paragraph at lines 1166--1167
 []\T1/lmr/m/n/12 570|
 []


Overfull \hbox (3.53288pt too wide) in paragraph at lines 1181--1182
[]\T1/lmr/m/n/12 777|  
 []


Overfull \hbox (3.85493pt too wide) in paragraph at lines 1183--1184
[]\T1/lmr/m/n/12 OU|  
 []


Overfull \hbox (3.53288pt too wide) in paragraph at lines 1191--1192
 []\T1/lmr/m/n/12 570|
 []


Overfull \hbox (3.53288pt too wide) in paragraph at lines 1206--1207
[]\T1/lmr/m/n/12 801|  
 []


Overfull \hbox (3.85493pt too wide) in paragraph at lines 1208--1209
[]\T1/lmr/m/n/12 OU|  
 []


Overfull \hbox (1.13353pt too wide) in paragraph at lines 1210--1211
[]\T1/lmr/m/n/12 Toxapex|  
 []


Overfull \hbox (3.53288pt too wide) in paragraph at lines 1216--1217
 []\T1/lmr/m/n/12 495|
 []


Overfull \hbox (3.53288pt too wide) in paragraph at lines 1231--1232
[]\T1/lmr/m/n/12 819|  
 []


Overfull \hbox (3.85493pt too wide) in paragraph at lines 1233--1234
[]\T1/lmr/m/n/12 OU|  
 []


Overfull \hbox (7.33481pt too wide) in paragraph at lines 1235--1236
[]\T1/lmr/m/n/12 Tyranitar|  
 []


Overfull \hbox (3.53288pt too wide) in paragraph at lines 1241--1242
 []\T1/lmr/m/n/12 600|
 []


Overfull \hbox (3.53288pt too wide) in paragraph at lines 1243--1244
 []\T1/lmr/m/n/12 100|
 []


Overfull \hbox (3.53288pt too wide) in paragraph at lines 1256--1257
[]\T1/lmr/m/n/12 839|  
 []


Overfull \hbox (3.85493pt too wide) in paragraph at lines 1258--1259
[]\T1/lmr/m/n/12 OU|  
 []


Overfull \hbox (3.53288pt too wide) in paragraph at lines 1266--1267
 []\T1/lmr/m/n/12 600|
 []


Overfull \hbox (3.53288pt too wide) in paragraph at lines 1268--1269
 []\T1/lmr/m/n/12 100|
 []


Overfull \hbox (3.53288pt too wide) in paragraph at lines 1281--1282
[]\T1/lmr/m/n/12 848|  
 []


Overfull \hbox (3.85493pt too wide) in paragraph at lines 1283--1284
[]\T1/lmr/m/n/12 OU|  
 []


Overfull \hbox (8.63585pt too wide) in paragraph at lines 1285--1286
[]\T1/lmr/m/n/12 Volcarona|  
 []


Overfull \hbox (3.53288pt too wide) in paragraph at lines 1291--1292
 []\T1/lmr/m/n/12 550|
 []


Overfull \hbox (3.53288pt too wide) in paragraph at lines 1306--1307
[]\T1/lmr/m/n/12 888|  
 []


Overfull \hbox (3.85493pt too wide) in paragraph at lines 1308--1309
[]\T1/lmr/m/n/12 OU|  
 []


Overfull \hbox (3.53288pt too wide) in paragraph at lines 1316--1317
 []\T1/lmr/m/n/12 580|
 []

[12 <./Gen7TierPlot.png>] [13]
Overfull \hbox (22.42464pt too wide) in paragraph at lines 1339--1357
 [][] 
 []

[14]
Underfull \vbox (badness 10000) detected at line 1410
 []


Underfull \vbox (badness 10000) detected at line 1410
 []

[15]
Overfull \hbox (24.5622pt too wide) in paragraph at lines 1423--1424
[]\T1/lmr/m/n/12 english_name|  
 []


Overfull \hbox (25.14958pt too wide) in paragraph at lines 1425--1426
[]\T1/lmr/m/n/12 primary_type|  
 []


Overfull \hbox (30.3109pt too wide) in paragraph at lines 1427--1428
[]\T1/lmr/m/n/12 secondary_type|  
 []


Overfull \hbox (1.63992pt too wide) in paragraph at lines 1429--1430
 []\T1/lmr/m/n/12 bst|
 []


Overfull \hbox (8.49655pt too wide) in paragraph at lines 1433--1434
 []\T1/lmr/m/n/12 attack|
 []


Overfull \hbox (8.7627pt too wide) in paragraph at lines 1435--1436
 []\T1/lmr/m/n/12 defense|
 []


Overfull \hbox (14.37514pt too wide) in paragraph at lines 1437--1438
 []\T1/lmr/m/n/12 sp_attack|
 []


Overfull \hbox (19.33624pt too wide) in paragraph at lines 1439--1440
 []\T1/lmr/m/n/12 sp_defense|
 []


Overfull \hbox (4.97182pt too wide) in paragraph at lines 1441--1442
 []\T1/lmr/m/n/12 speed|
 []


Overfull \hbox (3.53288pt too wide) in paragraph at lines 1446--1447
[]\T1/lmr/m/n/12 674|  
 []


Overfull \hbox (3.53288pt too wide) in paragraph at lines 1454--1455
 []\T1/lmr/m/n/12 528|
 []


Overfull \hbox (3.53288pt too wide) in paragraph at lines 1469--1470
[]\T1/lmr/m/n/12 451|  
 []


Overfull \hbox (3.60788pt too wide) in paragraph at lines 1471--1472
[]\T1/lmr/m/n/12 Magearna|  
 []


Overfull \hbox (3.53288pt too wide) in paragraph at lines 1477--1478
 []\T1/lmr/m/n/12 600|
 []


Overfull \hbox (3.60791pt too wide) in paragraph at lines 1494--1495
[]\T1/lmr/m/n/12 Azumarill|  
 []


Overfull \hbox (3.53288pt too wide) in paragraph at lines 1500--1501
 []\T1/lmr/m/n/12 420|
 []


Overfull \hbox (3.53288pt too wide) in paragraph at lines 1502--1503
 []\T1/lmr/m/n/12 100|
 []


Overfull \hbox (3.53288pt too wide) in paragraph at lines 1515--1516
[]\T1/lmr/m/n/12 888|  
 []


Overfull \hbox (3.53288pt too wide) in paragraph at lines 1523--1524
 []\T1/lmr/m/n/12 580|
 []


Overfull \hbox (3.53288pt too wide) in paragraph at lines 1538--1539
[]\T1/lmr/m/n/12 342|  
 []


Overfull \hbox (3.53288pt too wide) in paragraph at lines 1546--1547
 []\T1/lmr/m/n/12 600|
 []


Overfull \hbox (3.53288pt too wide) in paragraph at lines 1561--1562
[]\T1/lmr/m/n/12 279|  
 []


Overfull \hbox (6.3035pt too wide) in paragraph at lines 1563--1564
[]\T1/lmr/m/n/12 Garchomp|  
 []


Overfull \hbox (3.53288pt too wide) in paragraph at lines 1569--1570
 []\T1/lmr/m/n/12 600|
 []


Overfull \hbox (3.53288pt too wide) in paragraph at lines 1571--1572
 []\T1/lmr/m/n/12 108|
 []

[16]
Overfull \hbox (24.5622pt too wide) in paragraph at lines 1597--1598
[]\T1/lmr/m/n/12 english_name|  
 []


Overfull \hbox (25.14958pt too wide) in paragraph at lines 1599--1600
[]\T1/lmr/m/n/12 primary_type|  
 []


Overfull \hbox (30.3109pt too wide) in paragraph at lines 1601--1602
[]\T1/lmr/m/n/12 secondary_type|  
 []


Overfull \hbox (1.63992pt too wide) in paragraph at lines 1603--1604
 []\T1/lmr/m/n/12 bst|
 []


Overfull \hbox (8.49655pt too wide) in paragraph at lines 1607--1608
 []\T1/lmr/m/n/12 attack|
 []


Overfull \hbox (8.7627pt too wide) in paragraph at lines 1609--1610
 []\T1/lmr/m/n/12 defense|
 []


Overfull \hbox (14.37514pt too wide) in paragraph at lines 1611--1612
 []\T1/lmr/m/n/12 sp_attack|
 []


Overfull \hbox (19.33624pt too wide) in paragraph at lines 1613--1614
 []\T1/lmr/m/n/12 sp_defense|
 []


Overfull \hbox (4.97182pt too wide) in paragraph at lines 1615--1616
 []\T1/lmr/m/n/12 speed|
 []


Overfull \hbox (3.53288pt too wide) in paragraph at lines 1620--1621
[]\T1/lmr/m/n/12 387|  
 []


Overfull \hbox (3.53288pt too wide) in paragraph at lines 1628--1629
 []\T1/lmr/m/n/12 570|
 []


Overfull \hbox (3.60791pt too wide) in paragraph at lines 1645--1646
[]\T1/lmr/m/n/12 Azumarill|  
 []


Overfull \hbox (3.53288pt too wide) in paragraph at lines 1651--1652
 []\T1/lmr/m/n/12 420|
 []


Overfull \hbox (3.53288pt too wide) in paragraph at lines 1653--1654
 []\T1/lmr/m/n/12 100|
 []


Overfull \hbox (3.53288pt too wide) in paragraph at lines 1666--1667
[]\T1/lmr/m/n/12 888|  
 []


Overfull \hbox (3.53288pt too wide) in paragraph at lines 1674--1675
 []\T1/lmr/m/n/12 580|
 []


Overfull \hbox (3.53288pt too wide) in paragraph at lines 1689--1690
[]\T1/lmr/m/n/12 342|  
 []


Overfull \hbox (3.53288pt too wide) in paragraph at lines 1697--1698
 []\T1/lmr/m/n/12 600|
 []


Overfull \hbox (3.53288pt too wide) in paragraph at lines 1712--1713
[]\T1/lmr/m/n/12 279|  
 []


Overfull \hbox (6.3035pt too wide) in paragraph at lines 1714--1715
[]\T1/lmr/m/n/12 Garchomp|  
 []


Overfull \hbox (3.53288pt too wide) in paragraph at lines 1720--1721
 []\T1/lmr/m/n/12 600|
 []


Overfull \hbox (3.53288pt too wide) in paragraph at lines 1722--1723
 []\T1/lmr/m/n/12 108|
 []


Overfull \hbox (3.53288pt too wide) in paragraph at lines 1735--1736
[]\T1/lmr/m/n/12 775|  
 []


Overfull \hbox (3.53288pt too wide) in paragraph at lines 1743--1744
 []\T1/lmr/m/n/12 570|
 []


Overfull \hbox (24.5622pt too wide) in paragraph at lines 1771--1772
[]\T1/lmr/m/n/12 english_name|  
 []


Overfull \hbox (25.14958pt too wide) in paragraph at lines 1773--1774
[]\T1/lmr/m/n/12 primary_type|  
 []


Overfull \hbox (30.3109pt too wide) in paragraph at lines 1775--1776
[]\T1/lmr/m/n/12 secondary_type|  
 []


Overfull \hbox (1.63992pt too wide) in paragraph at lines 1777--1778
 []\T1/lmr/m/n/12 bst|
 []


Overfull \hbox (8.49655pt too wide) in paragraph at lines 1781--1782
 []\T1/lmr/m/n/12 attack|
 []


Overfull \hbox (8.7627pt too wide) in paragraph at lines 1783--1784
 []\T1/lmr/m/n/12 defense|
 []


Overfull \hbox (14.37514pt too wide) in paragraph at lines 1785--1786
 []\T1/lmr/m/n/12 sp_attack|
 []


Overfull \hbox (19.33624pt too wide) in paragraph at lines 1787--1788
 []\T1/lmr/m/n/12 sp_defense|
 []


Overfull \hbox (4.97182pt too wide) in paragraph at lines 1789--1790
 []\T1/lmr/m/n/12 speed|
 []


Overfull \hbox (3.53288pt too wide) in paragraph at lines 1794--1795
[]\T1/lmr/m/n/12 317|  
 []


Overfull \hbox (3.53288pt too wide) in paragraph at lines 1802--1803
 []\T1/lmr/m/n/12 530|
 []


Overfull \hbox (3.53288pt too wide) in paragraph at lines 1817--1818
[]\T1/lmr/m/n/12 451|  
 []


Overfull \hbox (3.60788pt too wide) in paragraph at lines 1819--1820
[]\T1/lmr/m/n/12 Magearna|  
 []


Overfull \hbox (3.53288pt too wide) in paragraph at lines 1825--1826
 []\T1/lmr/m/n/12 600|
 []


Overfull \hbox (3.53288pt too wide) in paragraph at lines 1840--1841
[]\T1/lmr/m/n/12 295|  
 []


Overfull \hbox (3.53288pt too wide) in paragraph at lines 1848--1849
 []\T1/lmr/m/n/12 510|
 []


Overfull \hbox (3.53288pt too wide) in paragraph at lines 1863--1864
[]\T1/lmr/m/n/12 801|  
 []


Overfull \hbox (3.53288pt too wide) in paragraph at lines 1871--1872
 []\T1/lmr/m/n/12 495|
 []


Overfull \hbox (3.53288pt too wide) in paragraph at lines 1886--1887
[]\T1/lmr/m/n/12 342|  
 []


Overfull \hbox (3.53288pt too wide) in paragraph at lines 1894--1895
 []\T1/lmr/m/n/12 600|
 []


Overfull \hbox (3.60791pt too wide) in paragraph at lines 1911--1912
[]\T1/lmr/m/n/12 Azumarill|  
 []


Overfull \hbox (3.53288pt too wide) in paragraph at lines 1917--1918
 []\T1/lmr/m/n/12 420|
 []


Overfull \hbox (3.53288pt too wide) in paragraph at lines 1919--1920
 []\T1/lmr/m/n/12 100|
 []


Overfull \hbox (24.5622pt too wide) in paragraph at lines 1945--1946
[]\T1/lmr/m/n/12 english_name|  
 []


Overfull \hbox (25.14958pt too wide) in paragraph at lines 1947--1948
[]\T1/lmr/m/n/12 primary_type|  
 []


Overfull \hbox (30.3109pt too wide) in paragraph at lines 1949--1950
[]\T1/lmr/m/n/12 secondary_type|  
 []


Overfull \hbox (1.63992pt too wide) in paragraph at lines 1951--1952
 []\T1/lmr/m/n/12 bst|
 []


Overfull \hbox (8.49655pt too wide) in paragraph at lines 1955--1956
 []\T1/lmr/m/n/12 attack|
 []


Overfull \hbox (8.7627pt too wide) in paragraph at lines 1957--1958
 []\T1/lmr/m/n/12 defense|
 []


Overfull \hbox (14.37514pt too wide) in paragraph at lines 1959--1960
 []\T1/lmr/m/n/12 sp_attack|
 []


Overfull \hbox (19.33624pt too wide) in paragraph at lines 1961--1962
 []\T1/lmr/m/n/12 sp_defense|
 []


Overfull \hbox (4.97182pt too wide) in paragraph at lines 1963--1964
 []\T1/lmr/m/n/12 speed|
 []


Overfull \hbox (3.53288pt too wide) in paragraph at lines 1968--1969
[]\T1/lmr/m/n/12 801|  
 []


Overfull \hbox (3.53288pt too wide) in paragraph at lines 1976--1977
 []\T1/lmr/m/n/12 495|
 []


Overfull \hbox (3.53288pt too wide) in paragraph at lines 1991--1992
[]\T1/lmr/m/n/12 102|  
 []


Overfull \hbox (4.00253pt too wide) in paragraph at lines 1993--1994
[]\T1/lmr/m/n/12 Celesteela|  
 []


Overfull \hbox (3.53288pt too wide) in paragraph at lines 1999--2000
 []\T1/lmr/m/n/12 570|
 []


Overfull \hbox (3.53288pt too wide) in paragraph at lines 2014--2015
[]\T1/lmr/m/n/12 241|  
 []


Overfull \hbox (3.53288pt too wide) in paragraph at lines 2022--2023
 []\T1/lmr/m/n/12 508|
 []


Overfull \hbox (3.53288pt too wide) in paragraph at lines 2024--2025
 []\T1/lmr/m/n/12 110|
 []


Overfull \hbox (3.60791pt too wide) in paragraph at lines 2039--2040
[]\T1/lmr/m/n/12 Azumarill|  
 []


Overfull \hbox (3.53288pt too wide) in paragraph at lines 2045--2046
 []\T1/lmr/m/n/12 420|
 []


Overfull \hbox (3.53288pt too wide) in paragraph at lines 2047--2048
 []\T1/lmr/m/n/12 100|
 []


Overfull \hbox (3.53288pt too wide) in paragraph at lines 2060--2061
[]\T1/lmr/m/n/12 317|  
 []


Overfull \hbox (3.53288pt too wide) in paragraph at lines 2068--2069
 []\T1/lmr/m/n/12 530|
 []


Overfull \hbox (15.5235pt too wide) in paragraph at lines 2085--2086
[]\T1/lmr/m/n/12 Blacephalon|  
 []


Overfull \hbox (3.53288pt too wide) in paragraph at lines 2091--2092
 []\T1/lmr/m/n/12 570|
 []

[17] [18] [19] [20] (./PW_FP.aux)
Package rerunfilecheck Info: File `PW_FP.out' has not changed.
(rerunfilecheck)             Checksum: C5AF6FBED2E3119C61CCE400710E1BB1;745.
Package logreq Info: Writing requests to 'PW_FP.run.xml'.
\openout1 = `PW_FP.run.xml'.

 ) 
Here is how much of TeX's memory you used:
 22312 strings out of 480211
 399080 string characters out of 5893046
 1512633 words of memory out of 5000000
 39937 multiletter control sequences out of 15000+600000
 516788 words of font info for 69 fonts, out of 8000000 for 9000
 14 hyphenation exceptions out of 8191
 76i,9n,82p,807b,3947s stack positions out of 5000i,500n,10000p,200000b,80000s
{c:/Users/18159/AppData/Roaming/TinyTeX/texmf-dist/fonts/enc/dvips/lm/lm-ec.e
nc}{c:/Users/18159/AppData/Roaming/TinyTeX/texmf-dist/fonts/enc/dvips/lm/lm-mat
hsy.enc}{c:/Users/18159/AppData/Roaming/TinyTeX/texmf-dist/fonts/enc/dvips/lm/l
m-rm.enc}{c:/Users/18159/AppData/Roaming/TinyTeX/texmf-dist/fonts/enc/dvips/lm/
lm-mathit.enc}<c:/Users/18159/AppData/Roaming/TinyTeX/texmf-dist/fonts/type1/pu
blic/lm/lmbx12.pfb><c:/Users/18159/AppData/Roaming/TinyTeX/texmf-dist/fonts/typ
e1/public/lm/lmmi12.pfb><c:/Users/18159/AppData/Roaming/TinyTeX/texmf-dist/font
s/type1/public/lm/lmr12.pfb><c:/Users/18159/AppData/Roaming/TinyTeX/texmf-dist/
fonts/type1/public/lm/lmr17.pfb><c:/Users/18159/AppData/Roaming/TinyTeX/texmf-d
ist/fonts/type1/public/lm/lmr8.pfb><c:/Users/18159/AppData/Roaming/TinyTeX/texm
f-dist/fonts/type1/public/lm/lmri12.pfb><c:/Users/18159/AppData/Roaming/TinyTeX
/texmf-dist/fonts/type1/public/lm/lmsy10.pfb><c:/Users/18159/AppData/Roaming/Ti
nyTeX/texmf-dist/fonts/type1/public/lm/lmtk10.pfb><c:/Users/18159/AppData/Roami
ng/TinyTeX/texmf-dist/fonts/type1/public/lm/lmtt12.pfb>
Output written on PW_FP.pdf (20 pages, 236510 bytes).
PDF statistics:
 230 PDF objects out of 1000 (max. 8388607)
 185 compressed objects within 2 object streams
 47 named destinations out of 1000 (max. 500000)
 70 words of extra memory for PDF output out of 10000 (max. 10000000)

